[INFO][0][<module>] Linux node-r5-he17.bgc-jena.mpg.de 4.18.0-348.7.1.el8_5.x86_64 #1 SMP Wed Dec 22 13:25:12 UTC 2021 x86_64 x86_64
[INFO][0][<module>] /Net/Groups/BGI/people/ecathain/envs/ilamb/lib/python3.13/site-packages/ILAMB (2.7.2)
[INFO][0][<module>] /Net/Groups/BGI/people/ecathain/envs/ilamb/lib/python3.13/site-packages/numpy (2.3.3)
[INFO][0][<module>] /Net/Groups/BGI/people/ecathain/envs/ilamb/lib/python3.13/site-packages/matplotlib (3.10.6)
[INFO][0][<module>] /Net/Groups/BGI/people/ecathain/envs/ilamb/lib/python3.13/site-packages/netCDF4 (1.7.2)
[INFO][0][<module>] /Net/Groups/BGI/people/ecathain/envs/ilamb/lib/python3.13/site-packages/cf_units (3.3.0)
[INFO][0][<module>] /Net/Groups/BGI/people/ecathain/envs/ilamb/lib/python3.13/site-packages/sympy (1.14.0)
[INFO][0][<module>] /Net/Groups/BGI/people/ecathain/envs/ilamb/lib/python3.13/site-packages/mpi4py (4.1.0)
[INFO][0][<module>] 2025-10-28 10:45:23.567756
[DEBUG][0][WorkConfront][EcosystemRespiration/FLUXNET2015][BASE_CARRY_ANNUAL]
Traceback (most recent call last):
  File "/Net/Groups/BGI/people/ecathain/TRENDY_Emulator_Scripts/NewModel/scripts/analysis/ilamb/ILAMB/bin/ilamb-run", line 563, in WorkConfront
    c.confront(m)
    ~~~~~~~~~~^^^
  File "/Net/Groups/BGI/people/ecathain/envs/ilamb/lib/python3.13/site-packages/ILAMB/Confrontation.py", line 433, in confront
    obs, mod = self.stageData(m)
               ~~~~~~~~~~~~~~^^^
  File "/Net/Groups/BGI/people/ecathain/envs/ilamb/lib/python3.13/site-packages/ILAMB/Confrontation.py", line 341, in stageData
    obs = Variable(
        filename=self.source,
    ...<3 lines>...
        tf=None if len(self.study_limits) != 2 else self.study_limits[1],
    )
  File "/Net/Groups/BGI/people/ecathain/envs/ilamb/lib/python3.13/site-packages/ILAMB/Variable.py", line 277, in __init__
    self.depth_bnds = _createBnds(self.depth)
                      ~~~~~~~~~~~^^^^^^^^^^^^
  File "/Net/Groups/BGI/people/ecathain/envs/ilamb/lib/python3.13/site-packages/ILAMB/Variable.py", line 37, in _createBnds
    x_bnds[+1:, 0] = 0.5 * (x[:-1] + x[+1:])
                     ~~~~^~~~~~~~~~~~~~~~~~~
TypeError: can't multiply sequence by non-int of type 'float'

[DEBUG][0][WorkConfront][EcosystemRespiration/FLUXNET2015][BASE_CARRY_MONTHS]
Traceback (most recent call last):
  File "/Net/Groups/BGI/people/ecathain/TRENDY_Emulator_Scripts/NewModel/scripts/analysis/ilamb/ILAMB/bin/ilamb-run", line 563, in WorkConfront
    c.confront(m)
    ~~~~~~~~~~^^^
  File "/Net/Groups/BGI/people/ecathain/envs/ilamb/lib/python3.13/site-packages/ILAMB/Confrontation.py", line 433, in confront
    obs, mod = self.stageData(m)
               ~~~~~~~~~~~~~~^^^
  File "/Net/Groups/BGI/people/ecathain/envs/ilamb/lib/python3.13/site-packages/ILAMB/Confrontation.py", line 341, in stageData
    obs = Variable(
        filename=self.source,
    ...<3 lines>...
        tf=None if len(self.study_limits) != 2 else self.study_limits[1],
    )
  File "/Net/Groups/BGI/people/ecathain/envs/ilamb/lib/python3.13/site-packages/ILAMB/Variable.py", line 277, in __init__
    self.depth_bnds = _createBnds(self.depth)
                      ~~~~~~~~~~~^^^^^^^^^^^^
  File "/Net/Groups/BGI/people/ecathain/envs/ilamb/lib/python3.13/site-packages/ILAMB/Variable.py", line 37, in _createBnds
    x_bnds[+1:, 0] = 0.5 * (x[:-1] + x[+1:])
                     ~~~~^~~~~~~~~~~~~~~~~~~
TypeError: can't multiply sequence by non-int of type 'float'

[DEBUG][0][WorkConfront][EcosystemRespiration/FLUXNET2015][BASE_NO_CARRY]
Traceback (most recent call last):
  File "/Net/Groups/BGI/people/ecathain/TRENDY_Emulator_Scripts/NewModel/scripts/analysis/ilamb/ILAMB/bin/ilamb-run", line 563, in WorkConfront
    c.confront(m)
    ~~~~~~~~~~^^^
  File "/Net/Groups/BGI/people/ecathain/envs/ilamb/lib/python3.13/site-packages/ILAMB/Confrontation.py", line 433, in confront
    obs, mod = self.stageData(m)
               ~~~~~~~~~~~~~~^^^
  File "/Net/Groups/BGI/people/ecathain/envs/ilamb/lib/python3.13/site-packages/ILAMB/Confrontation.py", line 341, in stageData
    obs = Variable(
        filename=self.source,
    ...<3 lines>...
        tf=None if len(self.study_limits) != 2 else self.study_limits[1],
    )
  File "/Net/Groups/BGI/people/ecathain/envs/ilamb/lib/python3.13/site-packages/ILAMB/Variable.py", line 277, in __init__
    self.depth_bnds = _createBnds(self.depth)
                      ~~~~~~~~~~~^^^^^^^^^^^^
  File "/Net/Groups/BGI/people/ecathain/envs/ilamb/lib/python3.13/site-packages/ILAMB/Variable.py", line 37, in _createBnds
    x_bnds[+1:, 0] = 0.5 * (x[:-1] + x[+1:])
                     ~~~~^~~~~~~~~~~~~~~~~~~
TypeError: can't multiply sequence by non-int of type 'float'

[DEBUG][0][WorkConfront][EcosystemRespiration/FLUXNET2015][ENSMEAN]
Traceback (most recent call last):
  File "/Net/Groups/BGI/people/ecathain/TRENDY_Emulator_Scripts/NewModel/scripts/analysis/ilamb/ILAMB/bin/ilamb-run", line 563, in WorkConfront
    c.confront(m)
    ~~~~~~~~~~^^^
  File "/Net/Groups/BGI/people/ecathain/envs/ilamb/lib/python3.13/site-packages/ILAMB/Confrontation.py", line 433, in confront
    obs, mod = self.stageData(m)
               ~~~~~~~~~~~~~~^^^
  File "/Net/Groups/BGI/people/ecathain/envs/ilamb/lib/python3.13/site-packages/ILAMB/Confrontation.py", line 341, in stageData
    obs = Variable(
        filename=self.source,
    ...<3 lines>...
        tf=None if len(self.study_limits) != 2 else self.study_limits[1],
    )
  File "/Net/Groups/BGI/people/ecathain/envs/ilamb/lib/python3.13/site-packages/ILAMB/Variable.py", line 277, in __init__
    self.depth_bnds = _createBnds(self.depth)
                      ~~~~~~~~~~~^^^^^^^^^^^^
  File "/Net/Groups/BGI/people/ecathain/envs/ilamb/lib/python3.13/site-packages/ILAMB/Variable.py", line 37, in _createBnds
    x_bnds[+1:, 0] = 0.5 * (x[:-1] + x[+1:])
                     ~~~~^~~~~~~~~~~~~~~~~~~
TypeError: can't multiply sequence by non-int of type 'float'

[DEBUG][0][WorkConfront][EcosystemRespiration/FLUXNET2015][TL_AVH15C1]
Traceback (most recent call last):
  File "/Net/Groups/BGI/people/ecathain/TRENDY_Emulator_Scripts/NewModel/scripts/analysis/ilamb/ILAMB/bin/ilamb-run", line 563, in WorkConfront
    c.confront(m)
    ~~~~~~~~~~^^^
  File "/Net/Groups/BGI/people/ecathain/envs/ilamb/lib/python3.13/site-packages/ILAMB/Confrontation.py", line 433, in confront
    obs, mod = self.stageData(m)
               ~~~~~~~~~~~~~~^^^
  File "/Net/Groups/BGI/people/ecathain/envs/ilamb/lib/python3.13/site-packages/ILAMB/Confrontation.py", line 341, in stageData
    obs = Variable(
        filename=self.source,
    ...<3 lines>...
        tf=None if len(self.study_limits) != 2 else self.study_limits[1],
    )
  File "/Net/Groups/BGI/people/ecathain/envs/ilamb/lib/python3.13/site-packages/ILAMB/Variable.py", line 277, in __init__
    self.depth_bnds = _createBnds(self.depth)
                      ~~~~~~~~~~~^^^^^^^^^^^^
  File "/Net/Groups/BGI/people/ecathain/envs/ilamb/lib/python3.13/site-packages/ILAMB/Variable.py", line 37, in _createBnds
    x_bnds[+1:, 0] = 0.5 * (x[:-1] + x[+1:])
                     ~~~~^~~~~~~~~~~~~~~~~~~
TypeError: can't multiply sequence by non-int of type 'float'

[DEBUG][0][WorkConfront][TotalRunoff/Dai][BASE_CARRY_ANNUAL]
Traceback (most recent call last):
  File "/Net/Groups/BGI/people/ecathain/TRENDY_Emulator_Scripts/NewModel/scripts/analysis/ilamb/ILAMB/bin/ilamb-run", line 563, in WorkConfront
    c.confront(m)
    ~~~~~~~~~~^^^
  File "/Net/Groups/BGI/people/ecathain/envs/ilamb/lib/python3.13/site-packages/ILAMB/Confrontation.py", line 433, in confront
    obs, mod = self.stageData(m)
               ~~~~~~~~~~~~~~^^^
  File "/Net/Groups/BGI/people/ecathain/envs/ilamb/lib/python3.13/site-packages/ILAMB/Confrontation.py", line 341, in stageData
    obs = Variable(
        filename=self.source,
    ...<3 lines>...
        tf=None if len(self.study_limits) != 2 else self.study_limits[1],
    )
  File "/Net/Groups/BGI/people/ecathain/envs/ilamb/lib/python3.13/site-packages/ILAMB/Variable.py", line 140, in __init__
    out = il.FromNetCDF4(
        filename,
    ...<5 lines>...
        convert_calendar=convert_calendar,
    )
  File "/Net/Groups/BGI/people/ecathain/envs/ilamb/lib/python3.13/site-packages/ILAMB/ilamblib.py", line 746, in FromNetCDF4
    raise RuntimeError(
        "Unable to find [%s] in the file: %s" % (",".join(alternate_vars), filename)
    )
RuntimeError: Unable to find [mrro] in the file: /Net/Groups/BGI/people/ecathain/TRENDY_Emulator_Scripts/NewModel/pipeline/3.benchmark/ilamb/ground_truth/global/DATA/mrro/Dai/runoff.nc

[DEBUG][0][WorkConfront][TotalRunoff/Dai][BASE_CARRY_MONTHS]
Traceback (most recent call last):
  File "/Net/Groups/BGI/people/ecathain/TRENDY_Emulator_Scripts/NewModel/scripts/analysis/ilamb/ILAMB/bin/ilamb-run", line 563, in WorkConfront
    c.confront(m)
    ~~~~~~~~~~^^^
  File "/Net/Groups/BGI/people/ecathain/envs/ilamb/lib/python3.13/site-packages/ILAMB/Confrontation.py", line 433, in confront
    obs, mod = self.stageData(m)
               ~~~~~~~~~~~~~~^^^
  File "/Net/Groups/BGI/people/ecathain/envs/ilamb/lib/python3.13/site-packages/ILAMB/Confrontation.py", line 341, in stageData
    obs = Variable(
        filename=self.source,
    ...<3 lines>...
        tf=None if len(self.study_limits) != 2 else self.study_limits[1],
    )
  File "/Net/Groups/BGI/people/ecathain/envs/ilamb/lib/python3.13/site-packages/ILAMB/Variable.py", line 140, in __init__
    out = il.FromNetCDF4(
        filename,
    ...<5 lines>...
        convert_calendar=convert_calendar,
    )
  File "/Net/Groups/BGI/people/ecathain/envs/ilamb/lib/python3.13/site-packages/ILAMB/ilamblib.py", line 746, in FromNetCDF4
    raise RuntimeError(
        "Unable to find [%s] in the file: %s" % (",".join(alternate_vars), filename)
    )
RuntimeError: Unable to find [mrro,mrro] in the file: /Net/Groups/BGI/people/ecathain/TRENDY_Emulator_Scripts/NewModel/pipeline/3.benchmark/ilamb/ground_truth/global/DATA/mrro/Dai/runoff.nc

[DEBUG][0][WorkConfront][TotalRunoff/Dai][BASE_NO_CARRY]
Traceback (most recent call last):
  File "/Net/Groups/BGI/people/ecathain/TRENDY_Emulator_Scripts/NewModel/scripts/analysis/ilamb/ILAMB/bin/ilamb-run", line 563, in WorkConfront
    c.confront(m)
    ~~~~~~~~~~^^^
  File "/Net/Groups/BGI/people/ecathain/envs/ilamb/lib/python3.13/site-packages/ILAMB/Confrontation.py", line 433, in confront
    obs, mod = self.stageData(m)
               ~~~~~~~~~~~~~~^^^
  File "/Net/Groups/BGI/people/ecathain/envs/ilamb/lib/python3.13/site-packages/ILAMB/Confrontation.py", line 341, in stageData
    obs = Variable(
        filename=self.source,
    ...<3 lines>...
        tf=None if len(self.study_limits) != 2 else self.study_limits[1],
    )
  File "/Net/Groups/BGI/people/ecathain/envs/ilamb/lib/python3.13/site-packages/ILAMB/Variable.py", line 140, in __init__
    out = il.FromNetCDF4(
        filename,
    ...<5 lines>...
        convert_calendar=convert_calendar,
    )
  File "/Net/Groups/BGI/people/ecathain/envs/ilamb/lib/python3.13/site-packages/ILAMB/ilamblib.py", line 746, in FromNetCDF4
    raise RuntimeError(
        "Unable to find [%s] in the file: %s" % (",".join(alternate_vars), filename)
    )
RuntimeError: Unable to find [mrro,mrro,mrro] in the file: /Net/Groups/BGI/people/ecathain/TRENDY_Emulator_Scripts/NewModel/pipeline/3.benchmark/ilamb/ground_truth/global/DATA/mrro/Dai/runoff.nc

[DEBUG][0][WorkConfront][TotalRunoff/Dai][ENSMEAN]
Traceback (most recent call last):
  File "/Net/Groups/BGI/people/ecathain/TRENDY_Emulator_Scripts/NewModel/scripts/analysis/ilamb/ILAMB/bin/ilamb-run", line 563, in WorkConfront
    c.confront(m)
    ~~~~~~~~~~^^^
  File "/Net/Groups/BGI/people/ecathain/envs/ilamb/lib/python3.13/site-packages/ILAMB/Confrontation.py", line 433, in confront
    obs, mod = self.stageData(m)
               ~~~~~~~~~~~~~~^^^
  File "/Net/Groups/BGI/people/ecathain/envs/ilamb/lib/python3.13/site-packages/ILAMB/Confrontation.py", line 341, in stageData
    obs = Variable(
        filename=self.source,
    ...<3 lines>...
        tf=None if len(self.study_limits) != 2 else self.study_limits[1],
    )
  File "/Net/Groups/BGI/people/ecathain/envs/ilamb/lib/python3.13/site-packages/ILAMB/Variable.py", line 140, in __init__
    out = il.FromNetCDF4(
        filename,
    ...<5 lines>...
        convert_calendar=convert_calendar,
    )
  File "/Net/Groups/BGI/people/ecathain/envs/ilamb/lib/python3.13/site-packages/ILAMB/ilamblib.py", line 746, in FromNetCDF4
    raise RuntimeError(
        "Unable to find [%s] in the file: %s" % (",".join(alternate_vars), filename)
    )
RuntimeError: Unable to find [mrro,mrro,mrro,mrro] in the file: /Net/Groups/BGI/people/ecathain/TRENDY_Emulator_Scripts/NewModel/pipeline/3.benchmark/ilamb/ground_truth/global/DATA/mrro/Dai/runoff.nc

[DEBUG][0][WorkConfront][TotalRunoff/Dai][TL_AVH15C1]
Traceback (most recent call last):
  File "/Net/Groups/BGI/people/ecathain/TRENDY_Emulator_Scripts/NewModel/scripts/analysis/ilamb/ILAMB/bin/ilamb-run", line 563, in WorkConfront
    c.confront(m)
    ~~~~~~~~~~^^^
  File "/Net/Groups/BGI/people/ecathain/envs/ilamb/lib/python3.13/site-packages/ILAMB/Confrontation.py", line 433, in confront
    obs, mod = self.stageData(m)
               ~~~~~~~~~~~~~~^^^
  File "/Net/Groups/BGI/people/ecathain/envs/ilamb/lib/python3.13/site-packages/ILAMB/Confrontation.py", line 341, in stageData
    obs = Variable(
        filename=self.source,
    ...<3 lines>...
        tf=None if len(self.study_limits) != 2 else self.study_limits[1],
    )
  File "/Net/Groups/BGI/people/ecathain/envs/ilamb/lib/python3.13/site-packages/ILAMB/Variable.py", line 140, in __init__
    out = il.FromNetCDF4(
        filename,
    ...<5 lines>...
        convert_calendar=convert_calendar,
    )
  File "/Net/Groups/BGI/people/ecathain/envs/ilamb/lib/python3.13/site-packages/ILAMB/ilamblib.py", line 746, in FromNetCDF4
    raise RuntimeError(
        "Unable to find [%s] in the file: %s" % (",".join(alternate_vars), filename)
    )
RuntimeError: Unable to find [mrro,mrro,mrro,mrro,mrro] in the file: /Net/Groups/BGI/people/ecathain/TRENDY_Emulator_Scripts/NewModel/pipeline/3.benchmark/ilamb/ground_truth/global/DATA/mrro/Dai/runoff.nc

[DEBUG][0][extractTimeSeries][BASE_CARRY_ANNUAL] Could not find [et] in the model results
[DEBUG][0][WorkConfront][Evapotranspiration/GLEAMv3.3a][BASE_CARRY_ANNUAL]
Traceback (most recent call last):
  File "/Net/Groups/BGI/people/ecathain/TRENDY_Emulator_Scripts/NewModel/scripts/analysis/ilamb/ILAMB/bin/ilamb-run", line 563, in WorkConfront
    c.confront(m)
    ~~~~~~~~~~^^^
  File "/Net/Groups/BGI/people/ecathain/envs/ilamb/lib/python3.13/site-packages/ILAMB/Confrontation.py", line 433, in confront
    obs, mod = self.stageData(m)
               ~~~~~~~~~~~~~~^^^
  File "/Net/Groups/BGI/people/ecathain/envs/ilamb/lib/python3.13/site-packages/ILAMB/Confrontation.py", line 371, in stageData
    mod = m.extractTimeSeries(
        self.variable,
    ...<5 lines>...
        lons=None if obs.spatial else obs.lon,
    )
  File "/Net/Groups/BGI/people/ecathain/envs/ilamb/lib/python3.13/site-packages/ILAMB/ModelResult.py", line 433, in extractTimeSeries
    raise il.VarNotInModel()
ILAMB.ilamblib.VarNotInModel: VarNotInModel

[DEBUG][0][extractTimeSeries][BASE_CARRY_MONTHS] Could not find [et] in the model results
[DEBUG][0][WorkConfront][Evapotranspiration/GLEAMv3.3a][BASE_CARRY_MONTHS]
Traceback (most recent call last):
  File "/Net/Groups/BGI/people/ecathain/TRENDY_Emulator_Scripts/NewModel/scripts/analysis/ilamb/ILAMB/bin/ilamb-run", line 563, in WorkConfront
    c.confront(m)
    ~~~~~~~~~~^^^
  File "/Net/Groups/BGI/people/ecathain/envs/ilamb/lib/python3.13/site-packages/ILAMB/Confrontation.py", line 433, in confront
    obs, mod = self.stageData(m)
               ~~~~~~~~~~~~~~^^^
  File "/Net/Groups/BGI/people/ecathain/envs/ilamb/lib/python3.13/site-packages/ILAMB/Confrontation.py", line 371, in stageData
    mod = m.extractTimeSeries(
        self.variable,
    ...<5 lines>...
        lons=None if obs.spatial else obs.lon,
    )
  File "/Net/Groups/BGI/people/ecathain/envs/ilamb/lib/python3.13/site-packages/ILAMB/ModelResult.py", line 433, in extractTimeSeries
    raise il.VarNotInModel()
ILAMB.ilamblib.VarNotInModel: VarNotInModel

[DEBUG][0][extractTimeSeries][BASE_NO_CARRY] Could not find [et] in the model results
[DEBUG][0][WorkConfront][Evapotranspiration/GLEAMv3.3a][BASE_NO_CARRY]
Traceback (most recent call last):
  File "/Net/Groups/BGI/people/ecathain/TRENDY_Emulator_Scripts/NewModel/scripts/analysis/ilamb/ILAMB/bin/ilamb-run", line 563, in WorkConfront
    c.confront(m)
    ~~~~~~~~~~^^^
  File "/Net/Groups/BGI/people/ecathain/envs/ilamb/lib/python3.13/site-packages/ILAMB/Confrontation.py", line 433, in confront
    obs, mod = self.stageData(m)
               ~~~~~~~~~~~~~~^^^
  File "/Net/Groups/BGI/people/ecathain/envs/ilamb/lib/python3.13/site-packages/ILAMB/Confrontation.py", line 371, in stageData
    mod = m.extractTimeSeries(
        self.variable,
    ...<5 lines>...
        lons=None if obs.spatial else obs.lon,
    )
  File "/Net/Groups/BGI/people/ecathain/envs/ilamb/lib/python3.13/site-packages/ILAMB/ModelResult.py", line 433, in extractTimeSeries
    raise il.VarNotInModel()
ILAMB.ilamblib.VarNotInModel: VarNotInModel

[DEBUG][0][extractTimeSeries][ENSMEAN] Could not find [et] in the model results
[DEBUG][0][WorkConfront][Evapotranspiration/GLEAMv3.3a][ENSMEAN]
Traceback (most recent call last):
  File "/Net/Groups/BGI/people/ecathain/TRENDY_Emulator_Scripts/NewModel/scripts/analysis/ilamb/ILAMB/bin/ilamb-run", line 563, in WorkConfront
    c.confront(m)
    ~~~~~~~~~~^^^
  File "/Net/Groups/BGI/people/ecathain/envs/ilamb/lib/python3.13/site-packages/ILAMB/Confrontation.py", line 433, in confront
    obs, mod = self.stageData(m)
               ~~~~~~~~~~~~~~^^^
  File "/Net/Groups/BGI/people/ecathain/envs/ilamb/lib/python3.13/site-packages/ILAMB/Confrontation.py", line 371, in stageData
    mod = m.extractTimeSeries(
        self.variable,
    ...<5 lines>...
        lons=None if obs.spatial else obs.lon,
    )
  File "/Net/Groups/BGI/people/ecathain/envs/ilamb/lib/python3.13/site-packages/ILAMB/ModelResult.py", line 433, in extractTimeSeries
    raise il.VarNotInModel()
ILAMB.ilamblib.VarNotInModel: VarNotInModel

[DEBUG][0][extractTimeSeries][TL_AVH15C1] Could not find [et] in the model results
[DEBUG][0][WorkConfront][Evapotranspiration/GLEAMv3.3a][TL_AVH15C1]
Traceback (most recent call last):
  File "/Net/Groups/BGI/people/ecathain/TRENDY_Emulator_Scripts/NewModel/scripts/analysis/ilamb/ILAMB/bin/ilamb-run", line 563, in WorkConfront
    c.confront(m)
    ~~~~~~~~~~^^^
  File "/Net/Groups/BGI/people/ecathain/envs/ilamb/lib/python3.13/site-packages/ILAMB/Confrontation.py", line 433, in confront
    obs, mod = self.stageData(m)
               ~~~~~~~~~~~~~~^^^
  File "/Net/Groups/BGI/people/ecathain/envs/ilamb/lib/python3.13/site-packages/ILAMB/Confrontation.py", line 371, in stageData
    mod = m.extractTimeSeries(
        self.variable,
    ...<5 lines>...
        lons=None if obs.spatial else obs.lon,
    )
  File "/Net/Groups/BGI/people/ecathain/envs/ilamb/lib/python3.13/site-packages/ILAMB/ModelResult.py", line 433, in extractTimeSeries
    raise il.VarNotInModel()
ILAMB.ilamblib.VarNotInModel: VarNotInModel

[DEBUG][0][extractTimeSeries][BASE_CARRY_ANNUAL] Could not find [et] in the model results
[DEBUG][0][WorkConfront][Evapotranspiration/MODIS][BASE_CARRY_ANNUAL]
Traceback (most recent call last):
  File "/Net/Groups/BGI/people/ecathain/TRENDY_Emulator_Scripts/NewModel/scripts/analysis/ilamb/ILAMB/bin/ilamb-run", line 563, in WorkConfront
    c.confront(m)
    ~~~~~~~~~~^^^
  File "/Net/Groups/BGI/people/ecathain/envs/ilamb/lib/python3.13/site-packages/ILAMB/Confrontation.py", line 433, in confront
    obs, mod = self.stageData(m)
               ~~~~~~~~~~~~~~^^^
  File "/Net/Groups/BGI/people/ecathain/envs/ilamb/lib/python3.13/site-packages/ILAMB/Confrontation.py", line 371, in stageData
    mod = m.extractTimeSeries(
        self.variable,
    ...<5 lines>...
        lons=None if obs.spatial else obs.lon,
    )
  File "/Net/Groups/BGI/people/ecathain/envs/ilamb/lib/python3.13/site-packages/ILAMB/ModelResult.py", line 433, in extractTimeSeries
    raise il.VarNotInModel()
ILAMB.ilamblib.VarNotInModel: VarNotInModel

[DEBUG][0][extractTimeSeries][BASE_CARRY_MONTHS] Could not find [et] in the model results
[DEBUG][0][WorkConfront][Evapotranspiration/MODIS][BASE_CARRY_MONTHS]
Traceback (most recent call last):
  File "/Net/Groups/BGI/people/ecathain/TRENDY_Emulator_Scripts/NewModel/scripts/analysis/ilamb/ILAMB/bin/ilamb-run", line 563, in WorkConfront
    c.confront(m)
    ~~~~~~~~~~^^^
  File "/Net/Groups/BGI/people/ecathain/envs/ilamb/lib/python3.13/site-packages/ILAMB/Confrontation.py", line 433, in confront
    obs, mod = self.stageData(m)
               ~~~~~~~~~~~~~~^^^
  File "/Net/Groups/BGI/people/ecathain/envs/ilamb/lib/python3.13/site-packages/ILAMB/Confrontation.py", line 371, in stageData
    mod = m.extractTimeSeries(
        self.variable,
    ...<5 lines>...
        lons=None if obs.spatial else obs.lon,
    )
  File "/Net/Groups/BGI/people/ecathain/envs/ilamb/lib/python3.13/site-packages/ILAMB/ModelResult.py", line 433, in extractTimeSeries
    raise il.VarNotInModel()
ILAMB.ilamblib.VarNotInModel: VarNotInModel

